2021-11-19 14:18:26,901 [Worker-2: Loading available Gradle versions] INFO  o.e.b.c.i.u.g.PublishedGradleVersions - Gradle version information cache is out-of-date. Trying to update.
2021-11-19 14:24:31,418 [Worker-6: Loading available Gradle versions] INFO  o.e.b.c.i.u.g.PublishedGradleVersions - Gradle version information cache is up-to-date. Trying to read.
2021-11-19 14:31:07,890 [Worker-4: Loading available Gradle versions] INFO  o.e.b.c.i.u.g.PublishedGradleVersions - Gradle version information cache is up-to-date. Trying to read.
2021-11-19 14:38:40,599 [Worker-6: Loading available Gradle versions] INFO  o.e.b.c.i.u.g.PublishedGradleVersions - Gradle version information cache is up-to-date. Trying to read.
2021-11-19 14:38:42,379 [Start Help Server] INFO  org.eclipse.jetty.server.Server - jetty-10.0.6; built: 2021-06-29T15:28:56.259Z; git: 37e7731b4b142a882d73974ff3bec78d621bd674; jvm 11.0.11+9-LTS
2021-11-19 14:38:42,619 [Start Help Server] INFO  o.e.j.s.s.DefaultSessionIdManager - Session workerName=node0
2021-11-19 14:38:42,804 [Start Help Server] INFO  o.e.j.server.handler.ContextHandler - Started o.e.j.s.ServletContextHandler@5e9e178e{/help,null,AVAILABLE}
2021-11-19 14:38:43,213 [Start Help Server] INFO  o.e.jetty.server.AbstractConnector - Started ServerConnector@2c3d2430{HTTP/1.1, (http/1.1)}{127.0.0.1:3029}
2021-11-19 14:38:43,342 [Start Help Server] INFO  org.eclipse.jetty.server.Server - Started Server@2faa703a{STARTING}[10.0.6,sto=0] @180914ms
2021-11-19 14:44:57,512 [Stop Help Server] INFO  org.eclipse.jetty.server.Server - Stopped Server@2faa703a{STOPPING}[10.0.6,sto=0]
2021-11-19 14:44:57,522 [Stop Help Server] INFO  o.e.jetty.server.AbstractConnector - Stopped ServerConnector@2c3d2430{HTTP/1.1, (http/1.1)}{127.0.0.1:0}
2021-11-19 14:44:57,716 [Stop Help Server] INFO  o.e.j.server.handler.ContextHandler - Stopped o.e.j.s.ServletContextHandler@5e9e178e{/help,null,STOPPED}
2021-11-21 15:05:52,342 [Worker-1: Loading available Gradle versions] INFO  o.e.b.c.i.u.g.PublishedGradleVersions - Gradle version information cache is up-to-date. Trying to read.
2021-11-21 15:11:09,871 [Worker-6: Loading available Gradle versions] INFO  o.e.b.c.i.u.g.PublishedGradleVersions - Gradle version information cache is up-to-date. Trying to read.
2021-11-21 15:16:44,908 [Worker-4: Loading available Gradle versions] INFO  o.e.b.c.i.u.g.PublishedGradleVersions - Gradle version information cache is up-to-date. Trying to read.
2021-11-21 15:27:47,908 [Worker-4: Loading available Gradle versions] INFO  o.e.b.c.i.u.g.PublishedGradleVersions - Gradle version information cache is up-to-date. Trying to read.
2021-11-21 15:30:30,929 [Worker-3: Loading available Gradle versions] INFO  o.e.b.c.i.u.g.PublishedGradleVersions - Gradle version information cache is up-to-date. Trying to read.
2021-11-21 15:36:12,614 [Worker-1: Loading available Gradle versions] INFO  o.e.b.c.i.u.g.PublishedGradleVersions - Gradle version information cache is up-to-date. Trying to read.
2021-11-21 16:04:18,535 [Worker-7: Loading available Gradle versions] INFO  o.e.b.c.i.u.g.PublishedGradleVersions - Gradle version information cache is up-to-date. Trying to read.
2021-11-22 22:49:03,256 [Worker-4: Loading available Gradle versions] INFO  o.e.b.c.i.u.g.PublishedGradleVersions - Gradle version information cache is out-of-date. Trying to update.
